{
  "RSpec": {
    "coverage": {
      "C:/Users/juuso_j0pbwen/RubymineProjects/RateBeer/app/models/rating.rb": [
        1,
        1,
        1,
        null,
        1,
        null,
        null,
        null,
        1,
        14,
        null,
        null,
        null,
        null
      ],
      "C:/Users/juuso_j0pbwen/RubymineProjects/RateBeer/app/models/application_record.rb": [
        1,
        1,
        null
      ],
      "C:/Users/juuso_j0pbwen/RubymineProjects/RateBeer/app/helpers/application_helper.rb": [
        1,
        null
      ],
      "C:/Users/juuso_j0pbwen/RubymineProjects/RateBeer/app/helpers/beer_clubs_helper.rb": [
        1,
        null
      ],
      "C:/Users/juuso_j0pbwen/RubymineProjects/RateBeer/app/helpers/beers_helper.rb": [
        1,
        null
      ],
      "C:/Users/juuso_j0pbwen/RubymineProjects/RateBeer/app/helpers/breweries_helper.rb": [
        1,
        null
      ],
      "C:/Users/juuso_j0pbwen/RubymineProjects/RateBeer/app/helpers/memberships_helper.rb": [
        1,
        null
      ],
      "C:/Users/juuso_j0pbwen/RubymineProjects/RateBeer/app/helpers/styles_helper.rb": [
        1,
        null
      ],
      "C:/Users/juuso_j0pbwen/RubymineProjects/RateBeer/app/helpers/users_helper.rb": [
        1,
        null
      ],
      "C:/Users/juuso_j0pbwen/RubymineProjects/RateBeer/app/models/beer.rb": [
        1,
        1,
        1,
        1,
        1,
        null,
        1,
        1,
        null,
        1,
        null,
        1,
        2,
        null,
        null,
        null,
        null
      ],
      "C:/Users/juuso_j0pbwen/RubymineProjects/RateBeer/app/models/concerns/rating_average.rb": [
        1,
        null,
        1,
        null,
        1,
        13,
        null,
        null,
        null
      ],
      "C:/Users/juuso_j0pbwen/RubymineProjects/RateBeer/app/models/brewery.rb": [
        1,
        1,
        1,
        null,
        1,
        1,
        null,
        1,
        null,
        1,
        null,
        null,
        1,
        40,
        0,
        null,
        null,
        null,
        1,
        6,
        null,
        null,
        null
      ],
      "C:/Users/juuso_j0pbwen/RubymineProjects/RateBeer/app/models/user.rb": [
        1,
        1,
        1,
        1,
        1,
        null,
        1,
        1,
        null,
        1,
        null,
        1,
        null,
        1,
        3,
        2,
        null,
        null,
        1,
        17,
        null,
        32,
        12,
        12,
        null,
        null,
        null,
        20,
        null,
        32,
        null,
        null,
        1,
        20,
        null,
        39,
        14,
        14,
        null,
        null,
        null,
        24,
        null,
        38,
        null,
        null
      ],
      "C:/Users/juuso_j0pbwen/RubymineProjects/RateBeer/app/controllers/styles_controller.rb": [
        1,
        1,
        null,
        null,
        null,
        1,
        1,
        null,
        null,
        null,
        null,
        1,
        null,
        null,
        null,
        1,
        0,
        null,
        null,
        null,
        1,
        null,
        null,
        null,
        null,
        1,
        0,
        null,
        0,
        0,
        0,
        0,
        null,
        0,
        0,
        null,
        null,
        null,
        null,
        null,
        null,
        1,
        0,
        0,
        0,
        0,
        null,
        0,
        0,
        null,
        null,
        null,
        null,
        null,
        null,
        1,
        0,
        0,
        0,
        0,
        null,
        null,
        null,
        1,
        null,
        1,
        0,
        null,
        null,
        null,
        1,
        0,
        null,
        null
      ],
      "C:/Users/juuso_j0pbwen/RubymineProjects/RateBeer/app/controllers/application_controller.rb": [
        1,
        1,
        null,
        1,
        null,
        1,
        97,
        69,
        null,
        null,
        1,
        4,
        null,
        null
      ],
      "C:/Users/juuso_j0pbwen/RubymineProjects/RateBeer/app/controllers/sessions_controller.rb": [
        1,
        1,
        null,
        null,
        null,
        null,
        1,
        6,
        6,
        5,
        5,
        null,
        1,
        null,
        null,
        null,
        null,
        1,
        null,
        0,
        null,
        0,
        null,
        null
      ],
      "C:/Users/juuso_j0pbwen/RubymineProjects/RateBeer/app/controllers/users_controller.rb": [
        1,
        1,
        null,
        null,
        null,
        1,
        0,
        null,
        null,
        null,
        null,
        1,
        null,
        null,
        null,
        1,
        1,
        null,
        null,
        null,
        1,
        null,
        null,
        null,
        null,
        1,
        1,
        null,
        1,
        1,
        1,
        2,
        1,
        null,
        0,
        0,
        null,
        null,
        null,
        null,
        null,
        null,
        1,
        0,
        0,
        0,
        0,
        null,
        0,
        0,
        null,
        null,
        null,
        null,
        null,
        null,
        1,
        0,
        0,
        0,
        0,
        0,
        0,
        null,
        null,
        0,
        null,
        null,
        null,
        1,
        null,
        1,
        11,
        null,
        null,
        null,
        1,
        1,
        null,
        null
      ],
      "C:/Users/juuso_j0pbwen/RubymineProjects/RateBeer/app/models/membership.rb": [
        1,
        1,
        1,
        null,
        1,
        1,
        null,
        null
      ],
      "C:/Users/juuso_j0pbwen/RubymineProjects/RateBeer/app/models/beer_club.rb": [
        1,
        1,
        1,
        null
      ],
      "C:/Users/juuso_j0pbwen/RubymineProjects/RateBeer/app/models/style.rb": [
        1,
        1,
        null,
        1,
        7,
        null,
        null
      ],
      "C:/Users/juuso_j0pbwen/RubymineProjects/RateBeer/app/controllers/beers_controller.rb": [
        1,
        1,
        1,
        null,
        null,
        null,
        1,
        1,
        null,
        null,
        null,
        null,
        1,
        0,
        0,
        null,
        null,
        null,
        1,
        2,
        2,
        null,
        null,
        null,
        1,
        0,
        null,
        null,
        null,
        null,
        1,
        2,
        2,
        null,
        2,
        2,
        2,
        1,
        null,
        2,
        1,
        null,
        null,
        null,
        null,
        1,
        4,
        4,
        null,
        null,
        null,
        null,
        1,
        0,
        0,
        0,
        0,
        0,
        null,
        0,
        0,
        null,
        null,
        null,
        null,
        null,
        null,
        1,
        0,
        0,
        0,
        0,
        0,
        null,
        null,
        null,
        1,
        null,
        1,
        0,
        null,
        null,
        null,
        1,
        2,
        null,
        null
      ],
      "C:/Users/juuso_j0pbwen/RubymineProjects/RateBeer/app/controllers/breweries_controller.rb": [
        1,
        1,
        null,
        null,
        null,
        1,
        3,
        null,
        null,
        null,
        null,
        1,
        null,
        null,
        null,
        1,
        0,
        0,
        null,
        null,
        null,
        1,
        0,
        null,
        null,
        null,
        null,
        1,
        0,
        0,
        null,
        0,
        0,
        0,
        0,
        null,
        0,
        0,
        null,
        null,
        null,
        null,
        null,
        null,
        1,
        0,
        0,
        0,
        0,
        0,
        null,
        0,
        0,
        null,
        null,
        null,
        null,
        null,
        null,
        1,
        0,
        0,
        0,
        0,
        0,
        null,
        null,
        null,
        1,
        null,
        1,
        1,
        null,
        null,
        null,
        1,
        0,
        null,
        null,
        1,
        null,
        null,
        null
      ],
      "C:/Users/juuso_j0pbwen/RubymineProjects/RateBeer/lib/beermapping_api.rb": [
        1,
        1,
        4,
        8,
        null,
        null,
        1,
        0,
        null,
        null,
        1,
        null,
        1,
        null,
        4,
        null,
        4,
        null,
        4,
        0,
        null,
        null,
        4,
        null,
        4,
        null,
        3,
        3,
        5,
        null,
        null,
        null,
        null,
        null,
        null,
        null,
        null,
        null,
        null
      ],
      "C:/Users/juuso_j0pbwen/RubymineProjects/RateBeer/app/models/place.rb": [
        1,
        1,
        6,
        null,
        null
      ],
      "C:/Users/juuso_j0pbwen/RubymineProjects/RateBeer/app/controllers/places_controller.rb": [
        1,
        null,
        null,
        1,
        null,
        null,
        1,
        0,
        null,
        null,
        1,
        3,
        3,
        null,
        3,
        null,
        3,
        null,
        null,
        null,
        null
      ],
      "C:/Users/juuso_j0pbwen/RubymineProjects/RateBeer/app/controllers/ratings_controller.rb": [
        1,
        1,
        1,
        null,
        null,
        1,
        1,
        1,
        null,
        null,
        1,
        1,
        null,
        1,
        0,
        null,
        1,
        null,
        1,
        1,
        1,
        null,
        0,
        0,
        null,
        null,
        null,
        1,
        1,
        1,
        1,
        null,
        null
      ],
      "C:/Users/juuso_j0pbwen/RubymineProjects/RateBeer/app/channels/application_cable/channel.rb": [
        0,
        0,
        0,
        0
      ],
      "C:/Users/juuso_j0pbwen/RubymineProjects/RateBeer/app/channels/application_cable/connection.rb": [
        0,
        0,
        0,
        0
      ],
      "C:/Users/juuso_j0pbwen/RubymineProjects/RateBeer/app/controllers/beer_clubs_controller.rb": [
        0,
        0,
        0,
        0,
        0,
        0,
        0,
        0,
        0,
        0,
        0,
        0,
        0,
        0,
        0,
        0,
        0,
        0,
        0,
        0,
        0,
        0,
        0,
        0,
        0,
        0,
        0,
        0,
        0,
        0,
        0,
        0,
        0,
        0,
        0,
        0,
        0,
        0,
        0,
        0,
        0,
        0,
        0,
        0,
        0,
        0,
        0,
        0,
        0,
        0,
        0,
        0,
        0,
        0,
        0,
        0,
        0,
        0,
        0,
        0,
        0,
        0,
        0,
        0,
        0,
        0,
        0,
        0,
        0,
        0,
        0,
        0,
        0,
        0,
        0,
        0,
        0,
        0,
        0,
        0
      ],
      "C:/Users/juuso_j0pbwen/RubymineProjects/RateBeer/app/controllers/memberships_controller.rb": [
        0,
        0,
        0,
        0,
        0,
        0,
        0,
        0,
        0,
        0,
        0,
        0,
        0,
        0,
        0,
        0,
        0,
        0,
        0,
        0,
        0,
        0,
        0,
        0,
        0,
        0,
        0,
        0,
        0,
        0,
        0,
        0,
        0,
        0,
        0,
        0,
        0,
        0,
        0,
        0,
        0,
        0,
        0,
        0,
        0,
        0,
        0,
        0,
        0,
        0,
        0,
        0,
        0,
        0,
        0,
        0,
        0,
        0,
        0,
        0,
        0,
        0,
        0,
        0,
        0,
        0,
        0,
        0,
        0,
        0,
        0,
        0,
        0,
        0,
        0,
        0,
        0,
        0,
        0,
        0,
        0,
        0,
        0,
        0,
        0,
        0,
        0,
        0,
        0,
        0,
        0,
        0,
        0
      ],
      "C:/Users/juuso_j0pbwen/RubymineProjects/RateBeer/app/jobs/application_job.rb": [
        0,
        0
      ],
      "C:/Users/juuso_j0pbwen/RubymineProjects/RateBeer/app/mailers/application_mailer.rb": [
        0,
        0,
        0,
        0
      ]
    },
    "timestamp": 1487670920
  }
}
